<?xml version="1.0" encoding="UTF-8"?>
<testsuite xmlns:xsi="http://www.w3.org/2001/XMLSchema-instance" xsi:noNamespaceSchemaLocation="https://maven.apache.org/surefire/maven-surefire-plugin/xsd/surefire-test-report.xsd" name="imd.ufrn.RegressionTest" time="0.114" tests="53" errors="0" skipped="0" failures="0">
  <properties>
[...]
</properties>
  <testcase name="test01" classname="imd.ufrn.RegressionTest0" time="0.006"/>
  <testcase name="test02" classname="imd.ufrn.RegressionTest0" time="0"/>
  <testcase name="test03" classname="imd.ufrn.RegressionTest0" time="0"/>
  <testcase name="test04" classname="imd.ufrn.RegressionTest0" time="0.001"/>
  <testcase name="test05" classname="imd.ufrn.RegressionTest0" time="0"/>
  <testcase name="test06" classname="imd.ufrn.RegressionTest0" time="0"/>
  <testcase name="test07" classname="imd.ufrn.RegressionTest0" time="0.001"/>
  <testcase name="test08" classname="imd.ufrn.RegressionTest0" time="0"/>
  <testcase name="test09" classname="imd.ufrn.RegressionTest0" time="0.001"/>
  <testcase name="test10" classname="imd.ufrn.RegressionTest0" time="0"/>
  <testcase name="test11" classname="imd.ufrn.RegressionTest0" time="0"/>
  <testcase name="test12" classname="imd.ufrn.RegressionTest0" time="0"/>
  <testcase name="test13" classname="imd.ufrn.RegressionTest0" time="0"/>
  <testcase name="test14" classname="imd.ufrn.RegressionTest0" time="0"/>
  <testcase name="test15" classname="imd.ufrn.RegressionTest0" time="0.005"/>
  <testcase name="test16" classname="imd.ufrn.RegressionTest0" time="0.001"/>
  <testcase name="test17" classname="imd.ufrn.RegressionTest0" time="0"/>
  <testcase name="test18" classname="imd.ufrn.RegressionTest0" time="0.001"/>
  <testcase name="test19" classname="imd.ufrn.RegressionTest0" time="0"/>
  <testcase name="test20" classname="imd.ufrn.RegressionTest0" time="0"/>
  <testcase name="test21" classname="imd.ufrn.RegressionTest0" time="0"/>
  <testcase name="test22" classname="imd.ufrn.RegressionTest0" time="0.001"/>
  <testcase name="test23" classname="imd.ufrn.RegressionTest0" time="0"/>
  <testcase name="test24" classname="imd.ufrn.RegressionTest0" time="0"/>
  <testcase name="test25" classname="imd.ufrn.RegressionTest0" time="0"/>
  <testcase name="test26" classname="imd.ufrn.RegressionTest0" time="0.001"/>
  <testcase name="test27" classname="imd.ufrn.RegressionTest0" time="0"/>
  <testcase name="test28" classname="imd.ufrn.RegressionTest0" time="0.001"/>
  <testcase name="test29" classname="imd.ufrn.RegressionTest0" time="0"/>
  <testcase name="test30" classname="imd.ufrn.RegressionTest0" time="0"/>
  <testcase name="test31" classname="imd.ufrn.RegressionTest0" time="0.001"/>
  <testcase name="test32" classname="imd.ufrn.RegressionTest0" time="0"/>
  <testcase name="test33" classname="imd.ufrn.RegressionTest0" time="0"/>
  <testcase name="test34" classname="imd.ufrn.RegressionTest0" time="0"/>
  <testcase name="test35" classname="imd.ufrn.RegressionTest0" time="0.001"/>
  <testcase name="test36" classname="imd.ufrn.RegressionTest0" time="0"/>
  <testcase name="test37" classname="imd.ufrn.RegressionTest0" time="0"/>
  <testcase name="test38" classname="imd.ufrn.RegressionTest0" time="0"/>
  <testcase name="test39" classname="imd.ufrn.RegressionTest0" time="0"/>
  <testcase name="test40" classname="imd.ufrn.RegressionTest0" time="0"/>
  <testcase name="test41" classname="imd.ufrn.RegressionTest0" time="0"/>
  <testcase name="test42" classname="imd.ufrn.RegressionTest0" time="0"/>
  <testcase name="test43" classname="imd.ufrn.RegressionTest0" time="0"/>
  <testcase name="test44" classname="imd.ufrn.RegressionTest0" time="0"/>
  <testcase name="test45" classname="imd.ufrn.RegressionTest0" time="0"/>
  <testcase name="test46" classname="imd.ufrn.RegressionTest0" time="0.001"/>
  <testcase name="test47" classname="imd.ufrn.RegressionTest0" time="0"/>
  <testcase name="test48" classname="imd.ufrn.RegressionTest0" time="0"/>
  <testcase name="test49" classname="imd.ufrn.RegressionTest0" time="0"/>
  <testcase name="test50" classname="imd.ufrn.RegressionTest0" time="0.001"/>
  <testcase name="test51" classname="imd.ufrn.RegressionTest0" time="0"/>
  <testcase name="test52" classname="imd.ufrn.RegressionTest0" time="0"/>
  <testcase name="test53" classname="imd.ufrn.RegressionTest0" time="0"/>
</testsuite>